{
  "stats": {
    "suites": 1,
    "tests": 1,
    "passes": 0,
    "pending": 0,
    "failures": 1,
    "start": "2024-10-08T10:47:47.799Z",
    "end": "2024-10-08T10:48:11.135Z",
    "duration": 23336,
    "testsRegistered": 1,
    "passPercent": 0,
    "pendingPercent": 0,
    "other": 0,
    "hasOther": false,
    "skipped": 0,
    "hasSkipped": false
  },
  "results": [
    {
      "uuid": "1b7fffc3-85c8-4e6d-a504-c6928de9fa7d",
      "title": "",
      "fullFile": "cypress\\e2e\\1-getting-started\\Order.cy.js",
      "file": "cypress\\e2e\\1-getting-started\\Order.cy.js",
      "beforeHooks": [],
      "afterHooks": [],
      "tests": [],
      "suites": [
        {
          "uuid": "a5c4e254-2877-4312-99ef-b6a1efee5aa7",
          "title": "Import order from shopify",
          "fullFile": "",
          "file": "",
          "beforeHooks": [],
          "afterHooks": [],
          "tests": [
            {
              "title": "test1",
              "fullTitle": "Import order from shopify test1",
              "timedOut": null,
              "duration": 17258,
              "state": "failed",
              "speed": null,
              "pass": false,
              "fail": true,
              "pending": false,
              "context": "{\n  \"title\": \"cypress-mochawesome-reporter-screenshots\",\n  \"value\": [\n    [\n      \"\\\\1-getting-started\\\\Order.cy.js\\\\Import order from shopify -- test1 (failed).png\"\n    ]\n  ]\n}",
              "code": "cy.visit('https://www.shopify.com/');\ncy.wait(2000);\ncy.get('ul[class=\"nav:hidden flex items-center mr-[-15px]\"] button[aria-label=\"Menu\"]').click();\ncy.get('a[class=\"inline-block self-center overflow-hidden max-w-full px-button-px py-button-py ring-inset rounded-button text-button-size font-button-font font-button-weight tracking-button-tracking transition-all duration-150 focus-visible:outline-2 focus-visible:outline-offset-2 focus-visible:outline-state-focus focus-visible:outline hover:ring-1 disabled:hover-ring-0 md:px-button-lg-px md:py-button-lg-py md:text-button-lg-size border-2 text-button-dark-secondary-text bg-button-dark-secondary-bg border-button-dark-secondary-border ring-current hover:text-button-dark-secondary-text-hover hover:bg-button-dark-secondary-bg-hover hover:border-button-dark-secondary-border-hover hover:ring-button-dark-secondary-border-hover focus:text-button-dark-secondary-text-focus focus:bg-button-dark-secondary-bg-focus focus:border-button-dark-secondary-border-focus focus:ring-button-dark-secondary-border-focus active:text-button-dark-secondary-text-active active:bg-button-dark-secondary-bg-active active:border-button-dark-secondary-border-active active:ring-button-dark-secondary-border-active disabled:text-button-dark-secondary-text-disabled disabled:bg-button-dark-secondary-bg-disabled disabled:border-button-dark-secondary-border-disabled disabled:ring-button-dark-secondary-border-disabled w-full\"]').click({\n  force: true\n});\ncy.wait(8000);\ncy.get('#challenge-stage').click();\ncy.get('#challenge-stage').click();\ncy.get('#challenge-stage').click();\ncy.wait(8000);\n// Retry cy.visit with failOnStatusCode: false\ncy.visit('https://admin.shopify.com/', {\n  failOnStatusCode: false\n}).then(response => {\n  // Check if the response status code is 403 (Forbidden)\n  if (response.status === 403) {\n    // Handle the 403 Forbidden error as needed\n    // For example, log an error message or perform additional actions\n    cy.wait(8000);\n    cy.log('Received a 403 Forbidden error. Access to the Shopify admin portal is denied.');\n  } else {\n    // Continue with your test logic for successful navigation\n    // For example, assert that the page contains specific elements\n    cy.contains('Welcome to the Shopify admin portal').should('be.visible');\n  }\n  cy.get('#challenge-stage > div > label > span.mark').click();\n  cy.get('#challenge-stage').click();\n  cy.get('#challenge-stage > div > label > span.ctp-label').click();\n});\n/*  cy.visit('https://challenges.cloudflare.com/cdn-cgi/challenge-platform/h/b/flow/ov1/487847149:1709817794:_JpICjv9mPEkpQe2pfyhjxN6uyLaeRRMicwp6fqtCfs/860b4cb4ee3d0095/71f66d6856c611c')*/\ncy.get('#challenge-stage > div > label > span.mark').click();\ncy.get('#challenge-stage > div > label > span.ctp-label').click();\n/* cy.visit('https://admin.shopify.com/');*/\ncy.get('.\\_GradientBackground__noise_op2vl_120').click();\nCypress.on('uncaught:exception', (err, runnable) => {\n  // returning false here prevents Cypress from failing the test\n  return false;\n});\ncy.url().should('contains', 'https://admin.shopify.com/store/33d900');\ncy.get('.Polaris-Navigation__ListItem:nth-child(2) .Polaris-Navigation__Text').click();\ncy.get('.Polaris-Button--variantPrimary').click();\ncy.get('#productPicker').click();\ncy.get('#productPicker').type('b');\n/*/* cy.get('#\\3Arcr\\3A').type('baby blanket');*/\ncy.get('.\\_Root_s76bm_1:nth-child(1) .Polaris-BlockStack > .Polaris-InlineStack').click();\ncy.get('.Polaris-Button--variantPrimary').click();\n/* /* cy.get('#\\3Arcl\\3A').click(); */\ncy.get('.Polaris-Button__Icon:nth-child(2) .Polaris-Icon__Svg').click();\ncy.get('.Polaris-Box:nth-child(2) .Polaris-ActionList__Text').click();\ncy.get('.Polaris-Button--loading').click();",
              "err": {
                "message": "AssertionError: Timed out retrying after 10000ms: Expected to find element: `a[class=\"inline-block self-center overflow-hidden max-w-full px-button-px py-button-py ring-inset rounded-button text-button-size font-button-font font-button-weight tracking-button-tracking transition-all duration-150 focus-visible:outline-2 focus-visible:outline-offset-2 focus-visible:outline-state-focus focus-visible:outline hover:ring-1 disabled:hover-ring-0 md:px-button-lg-px md:py-button-lg-py md:text-button-lg-size border-2 text-button-dark-secondary-text bg-button-dark-secondary-bg border-button-dark-secondary-border ring-current hover:text-button-dark-secondary-text-hover hover:bg-button-dark-secondary-bg-hover hover:border-button-dark-secondary-border-hover hover:ring-button-dark-secondary-border-hover focus:text-button-dark-secondary-text-focus focus:bg-button-dark-secondary-bg-focus focus:border-button-dark-secondary-border-focus focus:ring-button-dark-secondary-border-focus active:text-button-dark-secondary-text-active active:bg-button-dark-secondary-bg-active active:border-button-dark-secondary-border-active active:ring-button-dark-secondary-border-active disabled:text-button-dark-secondary-text-disabled disabled:bg-button-dark-secondary-bg-disabled disabled:border-button-dark-secondary-border-disabled disabled:ring-button-dark-secondary-border-disabled w-full\"]`, but never found it.",
                "estack": "AssertionError: Timed out retrying after 10000ms: Expected to find element: `a[class=\"inline-block self-center overflow-hidden max-w-full px-button-px py-button-py ring-inset rounded-button text-button-size font-button-font font-button-weight tracking-button-tracking transition-all duration-150 focus-visible:outline-2 focus-visible:outline-offset-2 focus-visible:outline-state-focus focus-visible:outline hover:ring-1 disabled:hover-ring-0 md:px-button-lg-px md:py-button-lg-py md:text-button-lg-size border-2 text-button-dark-secondary-text bg-button-dark-secondary-bg border-button-dark-secondary-border ring-current hover:text-button-dark-secondary-text-hover hover:bg-button-dark-secondary-bg-hover hover:border-button-dark-secondary-border-hover hover:ring-button-dark-secondary-border-hover focus:text-button-dark-secondary-text-focus focus:bg-button-dark-secondary-bg-focus focus:border-button-dark-secondary-border-focus focus:ring-button-dark-secondary-border-focus active:text-button-dark-secondary-text-active active:bg-button-dark-secondary-bg-active active:border-button-dark-secondary-border-active active:ring-button-dark-secondary-border-active disabled:text-button-dark-secondary-text-disabled disabled:bg-button-dark-secondary-bg-disabled disabled:border-button-dark-secondary-border-disabled disabled:ring-button-dark-secondary-border-disabled w-full\"]`, but never found it.\n    at Context.eval (webpack:///./cypress/e2e/1-getting-started/Order.cy.js:9:11)",
                "diff": null
              },
              "uuid": "4f30ffc9-c22e-498f-b557-319a11fb9b21",
              "parentUUID": "a5c4e254-2877-4312-99ef-b6a1efee5aa7",
              "isHook": false,
              "skipped": false
            }
          ],
          "suites": [],
          "passes": [],
          "failures": [
            "4f30ffc9-c22e-498f-b557-319a11fb9b21"
          ],
          "pending": [],
          "skipped": [],
          "duration": 17258,
          "root": false,
          "rootEmpty": false,
          "_timeout": 2000
        }
      ],
      "passes": [],
      "failures": [],
      "pending": [],
      "skipped": [],
      "duration": 0,
      "root": true,
      "rootEmpty": true,
      "_timeout": 2000
    }
  ],
  "meta": {
    "mocha": {
      "version": "7.0.1"
    },
    "mochawesome": {
      "options": {
        "quiet": false,
        "reportFilename": "mochawesome",
        "saveHtml": true,
        "saveJson": true,
        "consoleReporter": "spec",
        "useInlineDiffs": false,
        "code": true
      },
      "version": "7.1.3"
    },
    "marge": {
      "options": {
        "reportDir": "cypress/reports",
        "overwrite": false,
        "html": true,
        "json": true
      },
      "version": "6.2.0"
    }
  }
}