{
  "stats": {
    "suites": 1,
    "tests": 1,
    "passes": 0,
    "pending": 0,
    "failures": 1,
    "start": "2024-10-08T10:46:26.053Z",
    "end": "2024-10-08T10:47:07.128Z",
    "duration": 41075,
    "testsRegistered": 1,
    "passPercent": 0,
    "pendingPercent": 0,
    "other": 0,
    "hasOther": false,
    "skipped": 0,
    "hasSkipped": false
  },
  "results": [
    {
      "uuid": "b40e5694-37fa-4748-8f7b-5752789d64ff",
      "title": "",
      "fullFile": "cypress\\e2e\\CSSlocators.cy.js",
      "file": "cypress\\e2e\\CSSlocators.cy.js",
      "beforeHooks": [],
      "afterHooks": [],
      "tests": [],
      "suites": [
        {
          "uuid": "c8ea431b-b26f-449b-ae46-30c3b020194b",
          "title": "CSSLocators",
          "fullFile": "",
          "file": "",
          "beforeHooks": [],
          "afterHooks": [],
          "tests": [
            {
              "title": "csslocators",
              "fullTitle": "CSSLocators csslocators",
              "timedOut": null,
              "duration": 19777,
              "state": "failed",
              "speed": null,
              "pass": false,
              "fail": true,
              "pending": false,
              "context": "{\n  \"title\": \"cypress-mochawesome-reporter-screenshots\",\n  \"value\": [\n    [\n      \"\\\\CSSlocators.cy.js\\\\CSSLocators -- csslocators (failed).png\"\n    ]\n  ]\n}",
              "code": "cy.visit('http://www.automationpractice.pl/index.php');\ncy.get(\"#search_query_top\").type(\"T-Shirts\");\ncy.get(\"[name='submit_search']\").click();\ncy.get(\".lighter\").contains(\"T-Shirts\");\ncy.get(\".lighter\").contains(\"abc\"); //Assertion",
              "err": {
                "message": "AssertionError: Timed out retrying after 10000ms: Expected to find content: 'abc' within the element: <span.lighter> but never did.",
                "estack": "AssertionError: Timed out retrying after 10000ms: Expected to find content: 'abc' within the element: <span.lighter> but never did.\n    at Context.eval (webpack:///./cypress/e2e/CSSlocators.cy.js:7:25)",
                "diff": null
              },
              "uuid": "063c0dea-b66c-462f-a82b-60ad4f98b281",
              "parentUUID": "c8ea431b-b26f-449b-ae46-30c3b020194b",
              "isHook": false,
              "skipped": false
            }
          ],
          "suites": [],
          "passes": [],
          "failures": [
            "063c0dea-b66c-462f-a82b-60ad4f98b281"
          ],
          "pending": [],
          "skipped": [],
          "duration": 19777,
          "root": false,
          "rootEmpty": false,
          "_timeout": 2000
        }
      ],
      "passes": [],
      "failures": [],
      "pending": [],
      "skipped": [],
      "duration": 0,
      "root": true,
      "rootEmpty": true,
      "_timeout": 2000
    }
  ],
  "meta": {
    "mocha": {
      "version": "7.0.1"
    },
    "mochawesome": {
      "options": {
        "quiet": false,
        "reportFilename": "mochawesome",
        "saveHtml": true,
        "saveJson": true,
        "consoleReporter": "spec",
        "useInlineDiffs": false,
        "code": true
      },
      "version": "7.1.3"
    },
    "marge": {
      "options": {
        "reportDir": "cypress/reports",
        "overwrite": false,
        "html": true,
        "json": true
      },
      "version": "6.2.0"
    }
  }
}