{
  "stats": {
    "suites": 3,
    "tests": 3,
    "passes": 2,
    "pending": 0,
    "failures": 1,
    "start": "2024-10-08T10:36:52.075Z",
    "end": "2024-10-08T10:46:21.219Z",
    "duration": 569144,
    "testsRegistered": 3,
    "passPercent": 66.66666666666666,
    "pendingPercent": 0,
    "other": 0,
    "hasOther": false,
    "skipped": 0,
    "hasSkipped": false
  },
  "results": [
    {
      "uuid": "8e4597e6-f6aa-4e18-8e79-5a41b5773a4d",
      "title": "",
      "fullFile": "cypress\\e2e\\Asaan.cy.js",
      "file": "cypress\\e2e\\Asaan.cy.js",
      "beforeHooks": [],
      "afterHooks": [],
      "tests": [],
      "suites": [
        {
          "uuid": "3fd1d33e-75d3-4bee-bc0d-4148f64c2e73",
          "title": "My First Test Leopard",
          "fullFile": "",
          "file": "",
          "beforeHooks": [],
          "afterHooks": [],
          "tests": [
            {
              "title": "test1",
              "fullTitle": "My First Test Leopard test1",
              "timedOut": null,
              "duration": 211492,
              "state": "passed",
              "speed": "slow",
              "pass": true,
              "fail": false,
              "pending": false,
              "context": null,
              "code": "cy.visit('https://demoaccount.asaanretail.pk/login');\ncy.wait(10000);\ncy.wait(4000);\ncy.get('#email').should('be.visible').click();\ncy.get('#email').type('mubarak.waqar1998@gmail.com');\ncy.get('#password').should('be.visible').type('mubi@12345');\ncy.get('#remember').click();\ncy.get('button[type=\"submit\"]').click();\ncy.url().should('contains', 'https://demoaccount.asaanretail.pk/home');\ncy.visit('https://demoaccount.asaanretail.pk/order');\nfunction generateRandomKey(length) {\n  const charset = 'ABCDEFGHIJKLMNOPQRSTUVWXYZabcdefghijklmnopqrstuvwxyz0123456789';\n  let result = '';\n  for (let i = 0; i < length; i++) {\n    result += charset.charAt(Math.floor(Math.random() * charset.length));\n  }\n  return result;\n}\nconst randomKey = generateRandomKey(5);\ncy.visit('https://demoaccount.asaanretail.pk/order');\ncy.get('.bulkActionDiv').should('be.visible').click({\n  force: true\n});\ncy.get('.nav-buttons-bar > .btn-success').click();\ncy.wait(2000);\ncy.get('input[name=\"external_order_no\"]').click({\n  force: true\n});\ncy.wait(4000);\nconst errorMessage = 'The requested product does not exist';\ncy.contains(errorMessage).should('not.exist', 'Expected error message not found');\nfunction getRandomTimeout(min, max) {\n  return Math.floor(Math.random() * (max - min + 1)) + min;\n}\nconst Timeout = getRandomTimeout(5);\nfunction waitForInputValue(selector, expectedValue, Timeout, interval = 500) {\n  const startTime = new Date().getTime();\n  function checkValue() {\n    const currentTime = new Date().getTime();\n    if (currentTime - startTime > Timeout) {\n      throw new Error(`Timed out after ${Timeout}ms: expected '${selector}' to have value '${expectedValue}', but the value was not set`);\n    }\n    cy.get(selector).invoke('val').then(actualValue => {\n      if (actualValue === expectedValue) {\n        return cy.wrap(actualValue);\n      } else {\n        cy.wait(interval).then(() => checkValue());\n      }\n    });\n  }\n  checkValue();\n}\ncy.get('input[name=\"external_order_no\"]').scrollIntoView().type(randomKey, {\n  force: true\n});\nwaitForInputValue('input[name=\"external_order_no\"]', randomKey);\ncy.get('input[name=\"tracking_id\"]').click({\n  force: true\n});\ncy.wait(2000);\ncy.get('input[name=\"tracking_id\"]').scrollIntoView().type(randomKey, {\n  force: true\n});\ncy.get('#select2-customer_order_dropdown-container').click({\n  multiple: true\n});\ncy.get('#invoiceForm > div.row.row-order-create-modal > div:nth-child(7) > input').click({\n  multiple: true\n});\ncy.wait(2000);\ncy.wait(4000);\ncy.get('span[id=\"select2-customer_order_dropdown-container\"] span[class=\"select2-selection__placeholder\"]').click();\ncy.wait(2000);\ncy.get('input[aria-label=\"Search\"]').type('+923412106621');\ncy.wait(6000);\ncy.get('li[title=\"Barron\"]', {\n  Timeout\n}) // Wait for up to 20 seconds\n.should('exist').and('be.visible');\ncy.get('li[title=\"Barron\"]').click({\n  multiple: true\n});\ncy.wait(5000);\ncy.get('#selectCustomerAddressModal > div > div > div > div:nth-child(2) > button').click({\n  force: true\n});\ncy.get('#select2-sales_rep-container').click({\n  force: true\n});\ncy.get('.select2-search.select2-search--dropdown').type('AsaanRetail');\ncy.get('#select2-sales_rep-container').click({\n  force: true\n});\ncy.get('td #searchProductInput').click();\ncy.get('td #searchProductInput').type('{backspace}');\ncy.get('td #searchProductInput').type('{backspace}');\ncy.get('td #searchProductInput').type('garlic press');\ncy.wait(3000);\ncy.wait(3000);\ncy.get('#searchResults > ul > li:nth-child(1)').click();\ncy.wait(1000);\ncy.get('#invoiceForm > div:nth-child(7) > div > div.col-sm-4.text-right.pr-20 > div > div > button').click();\ncy.wait(1000);\ncy.get('.fas.fa-shopping-cart.mr-5').click();\ncy.wait(2000);\ncy.wait(4000);\ncy.get('#return_modal_pill').click({\n  force: true\n});\ncy.wait(2000);\ncy.get('#statusButton').click({\n  multiple: true\n});\ncy.get('div.toast-notifications > div > div.snackbar-content > div > .toast-title').contains('Task Completed Successfully');\nCypress.on('uncaught:exception', (err, runnable) => {\n  // returning false here prevents Cypress from failing the test\n  return false;\n});\ncy.wait(3000);\ncy.get('#return_modal_pill').click();\ncy.get('div.toast-notifications > div > div.snackbar-content > div > .toast-title').contains('Task Completed Successfully');\ncy.wait(3000);\ncy.get('.modal_card_body').click({\n  force: true\n});\ncy.wait(3000);\ncy.get('#couriers').select('AR-Leopards ( Leopards )');\ncy.wait(6000);\ncy.get('#invoiceButton').click();\ncy.get('#leopards').submit().wait(10000);\n;\ncy.wait(5000);\nCypress.on('uncaught:exception', (err, runnable) => {\n  // returning false here prevents Cypress from failing the test\n  return false;\n});\ncy.wait(2000);\nCypress.on('uncaught:exception', (err, runnable) => {\n  // returning false here prevents Cypress from failing the test\n  return false;\n});\ncy.get('#return_modal_pill').click();\ncy.wait(3000);\ncy.get('.scrollable_div_with_height_550').click();\ncy.wait(2000);\ncy.get('#widePopupModal .modal-content > .modal-header').click();\ncy.wait(2000);\ncy.wait(8000);\ncy.wait(5000);\ncy.get('.btn-block:nth-child(2)').click();\ncy.wait(4500);\n/* cy.get('div.toast-notifications > div > div.snackbar-content > div > .toast-title').contains('Task Completed Successfully')*/\ncy.wait(8000);\ncy.wait(4000);\ncy.get('.fa.fa-window-close').click({\n  force: true\n});\ncy.wait(5000);\ncy.wait(8000);\ncy.get('button[class=\"swal2-confirm swal2-styled swal2-default-outline\"]').click();\ncy.get('div.toast-notifications > div > div.snackbar-content > div > .toast-title').contains('Task Completed Successfully');\ncy.wait(3000);\ncy.wait(4000);\ncy.get('.modal_card_body').click({\n  multiple: true\n});\ncy.wait(2000);\ncy.get('#widePopupModal .span-cross-modal').click();\ncy.wait(10000);\n/*Leopard cancellation*/",
              "err": {},
              "uuid": "78f712f9-c888-4f4d-94e5-21a677c8a240",
              "parentUUID": "3fd1d33e-75d3-4bee-bc0d-4148f64c2e73",
              "isHook": false,
              "skipped": false
            }
          ],
          "suites": [],
          "passes": [
            "78f712f9-c888-4f4d-94e5-21a677c8a240"
          ],
          "failures": [],
          "pending": [],
          "skipped": [],
          "duration": 211492,
          "root": false,
          "rootEmpty": false,
          "_timeout": 2000
        },
        {
          "uuid": "81b9f4e4-fa43-4ab5-b49e-5eba1d81bf8b",
          "title": "Name of second test case M&P",
          "fullFile": "",
          "file": "",
          "beforeHooks": [],
          "afterHooks": [],
          "tests": [
            {
              "title": "test2",
              "fullTitle": "Name of second test case M&P test2",
              "timedOut": null,
              "duration": 183396,
              "state": "passed",
              "speed": "slow",
              "pass": true,
              "fail": false,
              "pending": false,
              "context": null,
              "code": "cy.visit('https://demoaccount.asaanretail.pk/login');\ncy.wait(10000);\ncy.wait(4000);\ncy.get('#email').should('be.visible').click();\ncy.get('#email').type('mubarak.waqar1998@gmail.com');\ncy.get('#password').should('be.visible').type('mubi@12345');\ncy.get('#remember').click();\ncy.get('button[type=\"submit\"]').click();\ncy.url().should('contains', 'https://demoaccount.asaanretail.pk/home');\ncy.wait(1000);\ncy.visit('https://demoaccount.asaanretail.pk/order');\nfunction generateRandomKey(length) {\n  const charset = 'ABCDEFGHIJKLMNOPQRSTUVWXYZabcdefghijklmnopqrstuvwxyz0123456789';\n  let result = '';\n  for (let i = 0; i < length; i++) {\n    result += charset.charAt(Math.floor(Math.random() * charset.length));\n  }\n  return result;\n}\nconst randomKey = generateRandomKey(5);\ncy.visit('https://demoaccount.asaanretail.pk/order');\ncy.get('.bulkActionDiv').click();\ncy.get('.nav-buttons-bar > .btn-success').click();\ncy.wait(2000);\nconst errorMessage = 'The requested product does not exist';\ncy.contains(errorMessage).should('not.exist', 'Expected error message not found');\ncy.wait(2000);\ncy.get('input[name=\"external_order_no\"]').click({\n  force: true\n});\ncy.wait(2000);\ncy.get('input[name=\"external_order_no\"]').scrollIntoView().type(randomKey, {\n  force: true\n});\ncy.wait(4000);\nfunction getRandomTimeout(min, max) {\n  return Math.floor(Math.random() * (max - min + 1)) + min;\n}\nconst Timeout = getRandomTimeout(5);\nfunction waitForInputValue(selector, expectedValue, Timeout, interval = 500) {\n  const startTime = new Date().getTime();\n  function checkValue() {\n    const currentTime = new Date().getTime();\n    if (currentTime - startTime > Timeout) {\n      throw new Error(`Timed out after ${Timeout}ms: expected '${selector}' to have value '${expectedValue}', but the value was not set`);\n    }\n    cy.get(selector).invoke('val').then(actualValue => {\n      if (actualValue === expectedValue) {\n        return cy.wrap(actualValue);\n      } else {\n        cy.wait(interval).then(() => checkValue());\n      }\n    });\n  }\n  checkValue();\n}\ncy.get('input[name=\"tracking_id\"]').click({\n  force: true\n});\nwaitForInputValue('input[name=\"external_order_no\"]', randomKey);\ncy.wait(2000);\n/* cy.get('.form-group:nth-child(7) > .form-control').type(randomKey);*/\ncy.get('input[name=\"tracking_id\"]').scrollIntoView().type(randomKey, {\n  force: true\n});\n/*cy.get('input[name=\"tracking_id\"]').click()*/\ncy.get('#select2-customer_order_dropdown-container').click({\n  multiple: true\n});\n/* cy.get('#invoiceForm > div.row.row-order-create-modal > div:nth-child(7) > input').click({multiple: true});*/\ncy.wait(6000);\ncy.get('input[aria-label=\"Search\"]').type('+923412106621');\ncy.wait(6000);\ncy.get('li[title=\"Barron\"]', {\n  Timeout\n}) // Wait for up to 20 seconds\n.should('exist').and('be.visible');\ncy.get('li[title=\"Barron\"]').click({\n  multiple: true\n});\ncy.wait(5000);\ncy.get('#selectCustomerAddressModal > div > div > div > div:nth-child(2) > button').click({\n  foce: true\n});\ncy.get('#select2-sales_rep-container').click();\ncy.get('.select2-search.select2-search--dropdown').type('AsaanRetail');\ncy.get('#select2-sales_rep-container').click();\ncy.get('td #searchProductInput').click();\ncy.get('td #searchProductInput').type('{backspace}');\ncy.get('td #searchProductInput').type('{backspace}');\ncy.get('td #searchProductInput').type('garlic press');\ncy.wait(3000);\ncy.wait(3000);\ncy.get('#searchResults > ul > li:nth-child(1)').click();\ncy.wait(1000);\ncy.get('#invoiceForm > div:nth-child(7) > div > div.col-sm-4.text-right.pr-20 > div > div > button').click();\ncy.wait(1000);\ncy.get('.fas.fa-shopping-cart.mr-5').click();\ncy.wait(1000);\n/*cy.get('#widePopupModal > div > div > div.modal-header > div:nth-child(2) > button').click()*/\ncy.get('#return_modal_pill').click({\n  force: true\n});\ncy.wait(2000);\ncy.get('#statusButton').click();\ncy.get('div.toast-notifications > div > div.snackbar-content > div > .toast-title').contains('Task Completed Successfully');\nCypress.on('uncaught:exception', (err, runnable) => {\n  // returning false here prevents Cypress from failing the test\n  return false;\n});\ncy.wait(3000);\ncy.get('#return_modal_pill').click({\n  force: true\n});\ncy.get('div.toast-notifications > div > div.snackbar-content > div > .toast-title').contains('Task Completed Successfully');\ncy.wait(3000);\ncy.get('.modal_card_body').click();\ncy.wait(3000);\n/*M&P booking */\ncy.wait(3000);\ncy.get('#couriers').select('M&P ( M&P )', {\n  force: true\n});\ncy.wait(3000);\ncy.wait(3000);\ncy.get(\"#Remarks\").type('Great');\ncy.wait(3000);\ncy.wait(3000);\ncy.get('.scrollable_div_with_height_550').click();\ncy.wait(2000);\ncy.get('#widePopupModal .modal-content > .modal-header').click();\ncy.wait(2000);\ncy.get('.btn-block:nth-child(2)').click();\ncy.get('div.toast-notifications > div > div.snackbar-content > div > .toast-title').contains('Task Completed Successfully');\ncy.wait(5000);\ncy.wait(8000);\ncy.wait(2000);\ncy.get('.fa.fa-window-close').click({\n  force: true\n});\ncy.wait(5000);\n/*cy.get('.swal2-popup.swal2-modal.swal2-icon-warning.swal2-show').click();*/\n/* cy.get('.swal2-confirm', { timeout: 10000 }).should('be.visible') */\ncy.wait(8000);\ncy.wait(2000);\ncy.get('button[class=\"swal2-confirm swal2-styled swal2-default-outline\"]').click();\ncy.get('div.toast-notifications > div > div.snackbar-content > div > .toast-title').contains('Task Completed Successfully');\ncy.wait(3000);\ncy.get('.modal_card_body').click({\n  multiple: true\n});\ncy.wait(2000);\ncy.get('#widePopupModal .span-cross-modal').click();\ncy.wait(8000);",
              "err": {},
              "uuid": "b556772b-6d3e-438a-8417-f55aade74e64",
              "parentUUID": "81b9f4e4-fa43-4ab5-b49e-5eba1d81bf8b",
              "isHook": false,
              "skipped": false
            }
          ],
          "suites": [],
          "passes": [
            "b556772b-6d3e-438a-8417-f55aade74e64"
          ],
          "failures": [],
          "pending": [],
          "skipped": [],
          "duration": 183396,
          "root": false,
          "rootEmpty": false,
          "_timeout": 2000
        },
        {
          "uuid": "a9ba84f5-dcf2-4027-90d0-23ed8008f55f",
          "title": "Trax mines 3rd courier",
          "fullFile": "",
          "file": "",
          "beforeHooks": [],
          "afterHooks": [],
          "tests": [
            {
              "title": "test3",
              "fullTitle": "Trax mines 3rd courier test3",
              "timedOut": null,
              "duration": 172677,
              "state": "failed",
              "speed": null,
              "pass": false,
              "fail": true,
              "pending": false,
              "context": "{\n  \"title\": \"cypress-mochawesome-reporter-screenshots\",\n  \"value\": [\n    [\n      \"\\\\Asaan.cy.js\\\\Trax mines 3rd courier -- test3 (failed).png\"\n    ]\n  ]\n}",
              "code": "cy.visit('https://demoaccount.asaanretail.pk/login');\ncy.wait(10000);\ncy.wait(4000);\ncy.get('#email').click();\ncy.get('#email').type('mubarak.waqar1998@gmail.com');\ncy.get('#password').type('mubi@12345');\ncy.get('#remember').click();\ncy.get('button[type=\"submit\"]').click();\ncy.url().should('contains', 'https://demoaccount.asaanretail.pk/home');\ncy.wait(1000);\ncy.visit('https://demoaccount.asaanretail.pk/order');\nfunction generateRandomKey(length) {\n  const charset = 'ABCDEFGHIJKLMNOPQRSTUVWXYZabcdefghijklmnopqrstuvwxyz0123456789';\n  let result = '';\n  for (let i = 0; i < length; i++) {\n    result += charset.charAt(Math.floor(Math.random() * charset.length));\n  }\n  return result;\n}\nconst randomKey = generateRandomKey(5);\ncy.visit('https://demoaccount.asaanretail.pk/order');\ncy.get('.bulkActionDiv').click();\ncy.get('.nav-buttons-bar > .btn-success').click();\ncy.wait(2000);\nconst errorMessage = 'The requested product does not exist';\ncy.contains(errorMessage).should('not.exist', 'Expected error message not found');\ncy.wait(2000);\ncy.get('input[name=\"external_order_no\"]').click({\n  force: true\n});\ncy.wait(4000);\nfunction getRandomTimeout(min, max) {\n  return Math.floor(Math.random() * (max - min + 1)) + min;\n}\nconst Timeout = getRandomTimeout(5);\nfunction waitForInputValue(selector, expectedValue, Timeout, interval = 500) {\n  const startTime = new Date().getTime();\n  function checkValue() {\n    const currentTime = new Date().getTime();\n    if (currentTime - startTime > Timeout) {\n      throw new Error(`Timed out after ${Timeout}ms: expected '${selector}' to have value '${expectedValue}', but the value was not set`);\n    }\n    cy.get(selector).invoke('val').then(actualValue => {\n      if (actualValue === expectedValue) {\n        return cy.wrap(actualValue);\n      } else {\n        cy.wait(interval).then(() => checkValue());\n      }\n    });\n  }\n  checkValue();\n}\ncy.get('input[name=\"external_order_no\"]').scrollIntoView().type(randomKey, {\n  force: true\n});\nwaitForInputValue('input[name=\"external_order_no\"]', randomKey);\ncy.get('input[name=\"tracking_id\"]').click({\n  force: true\n});\ncy.wait(2000);\n/* cy.get('.form-group:nth-child(7) > .form-control').type(randomKey);*/\ncy.get('input[name=\"tracking_id\"]').scrollIntoView().type(randomKey, {\n  force: true\n});\n/*cy.get('input[name=\"tracking_id\"]').click()*/\ncy.get('#select2-customer_order_dropdown-container').click({\n  multiple: true\n});\n/* cy.get('#invoiceForm > div.row.row-order-create-modal > div:nth-child(7) > input').click({multiple: true});*/\ncy.wait(6000);\ncy.get('input[aria-label=\"Search\"]').type('+923412106621');\ncy.wait(6000);\ncy.get('li[title=\"Barron\"]', {\n  Timeout\n}) // Wait for up to 20 seconds\n.should('exist').and('be.visible');\ncy.get('li[title=\"Barron\"]').click({\n  multiple: true\n});\ncy.wait(5000);\ncy.get('#selectCustomerAddressModal > div > div > div > div:nth-child(2) > button').click({\n  foce: true\n});\ncy.get('#select2-sales_rep-container').click();\ncy.get('.select2-search.select2-search--dropdown').type('AsaanRetail');\ncy.get('#select2-sales_rep-container').click();\ncy.get('td #searchProductInput').click();\ncy.wait(1000);\ncy.get('td #searchProductInput').type('{backspace}');\ncy.wait(1000);\ncy.get('td #searchProductInput').type('{backspace}');\ncy.wait(1000);\ncy.get('td #searchProductInput').type('garlic press');\ncy.wait(3000);\ncy.wait(3000);\ncy.get('#searchResults > ul > li:nth-child(1)').click();\ncy.wait(1000);\ncy.get('textarea[placeholder=\"Enter User Comments\"]').type(\"snapshot\");\ncy.wait(500);\ncy.get('#invoiceForm > div:nth-child(7) > div > div.col-sm-4.text-right.pr-20 > div > div > button').click();\ncy.wait(1000);\ncy.get('.fas.fa-shopping-cart.mr-5').click();\ncy.wait(20000);\n/*cy.get('#widePopupModal > div > div > div.modal-header > div:nth-child(2) > button').click()*/\ncy.get('#return_modal_pill').click({\n  force: true\n});\ncy.wait(2000);\ncy.get('#statusButton').click();\ncy.get('div.toast-notifications > div > div.snackbar-content > div > .toast-title').contains('Task Completed Successfully');\nCypress.on('uncaught:exception', (err, runnable) => {\n  // returning false here prevents Cypress from failing the test\n  return false;\n});\ncy.wait(3000);\ncy.get('#return_modal_pill').click({\n  force: true\n});\ncy.get('div.toast-notifications > div > div.snackbar-content > div > .toast-title').contains('Task Completed Successfully');\ncy.wait(3000);\ncy.get('.modal_card_body').click();\ncy.wait(3000);\n/*Trax Mines ( Trax ) */\ncy.wait(3000);\ncy.get('#couriers').select('Arban (Test) - Trax ( Trax )', {\n  force: true\n});\ncy.wait(3000);\ncy.wait(3000);\ncy.wait(2000);\ncy.get(\"#item_description\").type('Great');\ncy.wait(2000);\ncy.get(\"#item_description\").type('{backspace}');\n/*cy.get('//input[@id='item_description']')*/\ncy.wait(3000);\ncy.wait(3000);\ncy.get('.scrollable_div_with_height_550').click();\ncy.wait(2000);\ncy.get('#widePopupModal .modal-content > .modal-header').click();\ncy.wait(2000);\ncy.get('.btn-block:nth-child(2)').click();\ncy.get('div.toast-notifications > div > div.snackbar-content > div > .toast-title').contains('Task Completed Successfully');\ncy.wait(5000);\ncy.wait(8000);\ncy.wait(2000);\ncy.get('.fa.fa-window-close').click({\n  force: true\n});\ncy.wait(5000);\n/*cy.get('.swal2-popup.swal2-modal.swal2-icon-warning.swal2-show').click();*/\n/* cy.get('.swal2-confirm', { timeout: 10000 }).should('be.visible') */\ncy.wait(8000);\ncy.wait(2000);\ncy.get('button[class=\"swal2-confirm swal2-styled swal2-default-outline\"]').click();\ncy.get('div.toast-notifications > div > div.snackbar-content > div > .toast-title').contains('Task Completed Successfully');\ncy.wait(3000);\ncy.get('.modal_card_body').click({\n  multiple: true\n});\ncy.wait(2000);\ncy.get('#widePopupModal .span-cross-modal').click();\ncy.wait(8000);\n//else condition close",
              "err": {
                "message": "CypressError: Timed out retrying after 10000ms: `cy.contains()` failed because it requires a DOM element, window or document.\n\nNo elements in the current DOM matched your query:\n\n  > cy.get(div.toast-notifications > div > div.snackbar-content > div > .toast-title)",
                "estack": "CypressError: Timed out retrying after 10000ms: `cy.contains()` failed because it requires a DOM element, window or document.\n\nNo elements in the current DOM matched your query:\n\n  > cy.get(div.toast-notifications > div > div.snackbar-content > div > .toast-title)\n    at isElement (https://demoaccount.asaanretail.pk/__cypress/runner/cypress_runner.js:145283:62)\n    at validateType (https://demoaccount.asaanretail.pk/__cypress/runner/cypress_runner.js:145141:14)\n    at Object.isType (https://demoaccount.asaanretail.pk/__cypress/runner/cypress_runner.js:145172:7)\n    at <unknown> (https://demoaccount.asaanretail.pk/__cypress/runner/cypress_runner.js:132349:22)\n    at Object.subjectFn (https://demoaccount.asaanretail.pk/__cypress/runner/cypress_runner.js:144154:16)\n    at $Cy.verifyUpcomingAssertions (https://demoaccount.asaanretail.pk/__cypress/runner/cypress_runner.js:143498:31)\n    at onRetry (https://demoaccount.asaanretail.pk/__cypress/runner/cypress_runner.js:144145:15)\n    at tryCatcher (https://demoaccount.asaanretail.pk/__cypress/runner/cypress_runner.js:1807:23)\n    at Promise.attempt.Promise.try (https://demoaccount.asaanretail.pk/__cypress/runner/cypress_runner.js:4315:29)\n    at whenStable (https://demoaccount.asaanretail.pk/__cypress/runner/cypress_runner.js:144032:68)\n    at <unknown> (https://demoaccount.asaanretail.pk/__cypress/runner/cypress_runner.js:143973:14)\n    at tryCatcher (https://demoaccount.asaanretail.pk/__cypress/runner/cypress_runner.js:1807:23)\n    at Promise._settlePromiseFromHandler (https://demoaccount.asaanretail.pk/__cypress/runner/cypress_runner.js:1519:31)\n    at Promise._settlePromise (https://demoaccount.asaanretail.pk/__cypress/runner/cypress_runner.js:1576:18)\n    at Promise._settlePromise0 (https://demoaccount.asaanretail.pk/__cypress/runner/cypress_runner.js:1621:10)\n    at Promise._settlePromises (https://demoaccount.asaanretail.pk/__cypress/runner/cypress_runner.js:1701:18)\n    at Promise._fulfill (https://demoaccount.asaanretail.pk/__cypress/runner/cypress_runner.js:1645:18)\n    at <unknown> (https://demoaccount.asaanretail.pk/__cypress/runner/cypress_runner.js:5450:46)\nFrom Your Spec Code:\n    at Context.eval (webpack:///./cypress/e2e/Asaan.cy.js:622:87)",
                "diff": null
              },
              "uuid": "0919a7a9-58a3-4051-96b5-e0b1b76c5bec",
              "parentUUID": "a9ba84f5-dcf2-4027-90d0-23ed8008f55f",
              "isHook": false,
              "skipped": false
            }
          ],
          "suites": [],
          "passes": [],
          "failures": [
            "0919a7a9-58a3-4051-96b5-e0b1b76c5bec"
          ],
          "pending": [],
          "skipped": [],
          "duration": 172677,
          "root": false,
          "rootEmpty": false,
          "_timeout": 2000
        }
      ],
      "passes": [],
      "failures": [],
      "pending": [],
      "skipped": [],
      "duration": 0,
      "root": true,
      "rootEmpty": true,
      "_timeout": 2000
    }
  ],
  "meta": {
    "mocha": {
      "version": "7.0.1"
    },
    "mochawesome": {
      "options": {
        "quiet": false,
        "reportFilename": "mochawesome",
        "saveHtml": true,
        "saveJson": true,
        "consoleReporter": "spec",
        "useInlineDiffs": false,
        "code": true
      },
      "version": "7.1.3"
    },
    "marge": {
      "options": {
        "reportDir": "cypress/reports",
        "overwrite": false,
        "html": true,
        "json": true
      },
      "version": "6.2.0"
    }
  }
}