{
  "stats": {
    "suites": 1,
    "tests": 1,
    "passes": 1,
    "pending": 0,
    "failures": 0,
    "start": "2024-06-20T11:12:06.396Z",
    "end": "2024-06-20T11:15:27.107Z",
    "duration": 200711,
    "testsRegistered": 1,
    "passPercent": 100,
    "pendingPercent": 0,
    "other": 0,
    "hasOther": false,
    "skipped": 0,
    "hasSkipped": false
  },
  "results": [
    {
      "uuid": "cb6f7a3f-1a93-4107-9bef-00fef710d997",
      "title": "",
      "fullFile": "cypress\\e2e\\Asaan.cy.js",
      "file": "cypress\\e2e\\Asaan.cy.js",
      "beforeHooks": [],
      "afterHooks": [],
      "tests": [],
      "suites": [
        {
          "uuid": "e934f443-ecd4-43d6-8ec3-d8b364162a92",
          "title": "My First Test Leopard",
          "fullFile": "",
          "file": "",
          "beforeHooks": [],
          "afterHooks": [],
          "tests": [
            {
              "title": "test1",
              "fullTitle": "My First Test Leopard test1",
              "timedOut": null,
              "duration": 194996,
              "state": "passed",
              "speed": "slow",
              "pass": true,
              "fail": false,
              "pending": false,
              "context": null,
              "code": "cy.visit('https://demoaccount.asaanretail.pk/login');\ncy.get('.form-group .input-field').should('be.visible').click().type('mubarak.waqar1998@gmail.com');\ncy.get('.password-input .input-field').should('be.visible').type('mubi@12345');\ncy.get('label').click();\ncy.get('#remeberme').click();\ncy.get('.login-button').click();\ncy.url().should('contains', 'https://demoaccount.asaanretail.pk/home');\ncy.visit('https://demoaccount.asaanretail.pk/order');\nfunction generateRandomKey(length) {\n  const charset = 'ABCDEFGHIJKLMNOPQRSTUVWXYZabcdefghijklmnopqrstuvwxyz0123456789';\n  let result = '';\n  for (let i = 0; i < length; i++) {\n    result += charset.charAt(Math.floor(Math.random() * charset.length));\n  }\n  return result;\n}\nconst randomKey = generateRandomKey(5);\ncy.visit('https://demoaccount.asaanretail.pk/order');\ncy.get('.bulkActionDiv').click();\ncy.get('.nav-buttons-bar > .btn-success').click();\ncy.wait(2000);\ncy.get('.col-sm-2:nth-child(6) > .form-control').click({\n  force: true\n});\ncy.wait(2000);\ncy.get('.col-sm-2:nth-child(6) > .form-control').scrollIntoView().type(randomKey, {\n  force: true\n});\ncy.get('input[name=\"tracking_id\"]').click();\ncy.wait(2000);\ncy.get('input[name=\"tracking_id\"]').type(randomKey);\ncy.get('#select2-customer_order_dropdown-container').click({\n  multiple: true\n});\ncy.get('#invoiceForm > div.row.row-order-create-modal > div:nth-child(7) > input').click({\n  multiple: true\n});\ncy.wait(2000);\ncy.wait(4000);\ncy.get('span[id=\"select2-customer_order_dropdown-container\"] span[class=\"select2-selection__placeholder\"]').click();\ncy.wait(2000);\ncy.get('input[aria-label=\"Search\"]').type('Barron');\ncy.wait(2000);\ncy.get('li[title=\"Barron\"]').click();\ncy.wait(5000);\ncy.get('#selectCustomerAddressModal > div > div > div > div:nth-child(2) > button').click({\n  force: true\n});\ncy.get('#select2-sales_rep-container').click({\n  force: true\n});\ncy.get('.select2-search.select2-search--dropdown').type('AsaanRetail');\ncy.get('#select2-sales_rep-container').click({\n  force: true\n});\ncy.get('td #searchProductInput').click();\ncy.get('td #searchProductInput').type('{backspace}');\ncy.get('td #searchProductInput').type('{backspace}');\ncy.get('td #searchProductInput').type('garlic press');\ncy.wait(3000);\ncy.wait(3000);\ncy.get('#searchResults > ul > li:nth-child(1)').click();\ncy.wait(1000);\ncy.get('#invoiceForm > div:nth-child(7) > div > div.col-sm-4.text-right.pr-20 > div > div > button').click();\ncy.wait(1000);\ncy.get('.fas.fa-shopping-cart.mr-5').click();\ncy.wait(2000);\ncy.wait(4000);\ncy.get('#return_modal_pill').click();\ncy.wait(2000);\ncy.get('#statusButton').click({\n  multiple: true\n});\ncy.get('div.toast-notifications > div > div.snackbar-content > div > .toast-title').contains('Task Completed Successfully');\nCypress.on('uncaught:exception', (err, runnable) => {\n  // returning false here prevents Cypress from failing the test\n  return false;\n});\ncy.wait(3000);\ncy.get('#return_modal_pill').click();\ncy.get('div.toast-notifications > div > div.snackbar-content > div > .toast-title').contains('Task Completed Successfully');\ncy.wait(3000);\ncy.get('.modal_card_body').click({\n  force: true\n});\ncy.wait(3000);\ncy.get('#couriers').select('AR-Leopards ( Leopards )');\ncy.wait(6000);\ncy.get('#invoiceButton').click();\ncy.get('#leopards').submit().wait(10000);\n;\ncy.wait(5000);\nCypress.on('uncaught:exception', (err, runnable) => {\n  // returning false here prevents Cypress from failing the test\n  return false;\n});\ncy.wait(2000);\nCypress.on('uncaught:exception', (err, runnable) => {\n  // returning false here prevents Cypress from failing the test\n  return false;\n});\ncy.get('#return_modal_pill').click();\ncy.wait(3000);\ncy.get('.scrollable_div_with_height_550').click();\ncy.wait(2000);\ncy.get('#widePopupModal .modal-content > .modal-header').click();\ncy.wait(2000);\ncy.wait(8000);\ncy.wait(5000);\ncy.get('.btn-block:nth-child(2)').click();\ncy.wait(4500);\n/* cy.get('div.toast-notifications > div > div.snackbar-content > div > .toast-title').contains('Task Completed Successfully')*/\ncy.wait(8000);\ncy.wait(4000);\ncy.get('.fa.fa-window-close').click({\n  force: true\n});\ncy.wait(5000);\ncy.wait(8000);\ncy.get('button[class=\"swal2-confirm swal2-styled swal2-default-outline\"]').click();\ncy.get('div.toast-notifications > div > div.snackbar-content > div > .toast-title').contains('Task Completed Successfully');\ncy.wait(3000);\ncy.wait(4000);\ncy.get('.modal_card_body').click({\n  multiple: true\n});\ncy.wait(2000);\ncy.get('#widePopupModal .span-cross-modal').click();\ncy.wait(10000);\n/*Leopard cancellation*/",
              "err": {},
              "uuid": "cdbebe3e-d818-45ee-8818-4366dbee56c1",
              "parentUUID": "e934f443-ecd4-43d6-8ec3-d8b364162a92",
              "isHook": false,
              "skipped": false
            }
          ],
          "suites": [],
          "passes": [
            "cdbebe3e-d818-45ee-8818-4366dbee56c1"
          ],
          "failures": [],
          "pending": [],
          "skipped": [],
          "duration": 194996,
          "root": false,
          "rootEmpty": false,
          "_timeout": 2000
        }
      ],
      "passes": [],
      "failures": [],
      "pending": [],
      "skipped": [],
      "duration": 0,
      "root": true,
      "rootEmpty": true,
      "_timeout": 2000
    }
  ],
  "meta": {
    "mocha": {
      "version": "7.0.1"
    },
    "mochawesome": {
      "options": {
        "quiet": false,
        "reportFilename": "mochawesome",
        "saveHtml": true,
        "saveJson": true,
        "consoleReporter": "spec",
        "useInlineDiffs": false,
        "code": true
      },
      "version": "7.1.3"
    },
    "marge": {
      "options": {
        "reportDir": "cypress/reports",
        "overwrite": false,
        "html": true,
        "json": true
      },
      "version": "6.2.0"
    }
  }
}