{
  "stats": {
    "suites": 1,
    "tests": 1,
    "passes": 0,
    "pending": 0,
    "failures": 1,
    "start": "2024-10-08T10:47:13.016Z",
    "end": "2024-10-08T10:47:28.237Z",
    "duration": 15221,
    "testsRegistered": 1,
    "passPercent": 0,
    "pendingPercent": 0,
    "other": 0,
    "hasOther": false,
    "skipped": 0,
    "hasSkipped": false
  },
  "results": [
    {
      "uuid": "75063393-3347-4e2d-99f7-9ea6ccc26244",
      "title": "",
      "fullFile": "cypress\\e2e\\First.cy.js",
      "file": "cypress\\e2e\\First.cy.js",
      "beforeHooks": [],
      "afterHooks": [],
      "tests": [],
      "suites": [
        {
          "uuid": "fbb039ad-eaf2-45e0-bd65-ae983056d8a2",
          "title": "My First Test",
          "fullFile": "",
          "file": "",
          "beforeHooks": [],
          "afterHooks": [],
          "tests": [
            {
              "title": "test1",
              "fullTitle": "My First Test test1",
              "timedOut": null,
              "duration": 15066,
              "state": "failed",
              "speed": null,
              "pass": false,
              "fail": true,
              "pending": false,
              "context": "{\n  \"title\": \"cypress-mochawesome-reporter-screenshots\",\n  \"value\": [\n    [\n      \"\\\\First.cy.js\\\\My First Test -- test1 (failed).png\"\n    ]\n  ]\n}",
              "code": "cy.visit('https://demoaccount.asaanretail.pk/login');\ncy.get('.form-group .input-field').click();\ncy.get('.form-group .input-field').type('mubarak.waqar1998@gmail.com');\ncy.get('.password-input .input-field').type('mubi@12345');\ncy.get('label').click();\ncy.get('#remeberme').click();\ncy.get('.login-button').click();\ncy.url().should('contains', 'https://demoaccount.asaanretail.pk/home');\ncy.visit('https://demoaccount.asaanretail.pk/order');\n/*cy.url().should('contains', 'https://wchat.freshchat.com/widget/config_iframe.html');*/\ncy.visit('https://demoaccount.asaanretail.pk/order');\ncy.get('.bulkActionDiv').click();\ncy.get('.nav-buttons-bar > .btn-success').click();\ncy.get('.col-sm-2:nth-child(6) > .form-control').click();\n/* cy.get('#order_upper_part_container > .row').click(); */\ncy.get('.nav-buttons-bar > .btn-success').click();\ncy.get('.col-sm-2:nth-child(6) > .form-control').click();\ncy.get('.col-sm-2:nth-child(6) > .form-control').type('TT4356');\ncy.get('.form-group:nth-child(7) > .form-control').click();\ncy.get('.form-group:nth-child(7) > .form-control').type('TT8456');\ncy.get('#select2-customer_order_dropdown-container').click();\ncy.get('#select2-sales_rep-container').click();\ncy.get('td #searchProductInput').click();\ncy.get('td #searchProductInput').type('{backspace}');\ncy.get('td #searchProductInput').type('{backspace}');\ncy.get('td #searchProductInput').type('garlic press');\ncy.get('#invoiceForm').click();",
              "err": {
                "message": "AssertionError: Timed out retrying after 10000ms: Expected to find element: `.form-group .input-field`, but never found it.",
                "estack": "AssertionError: Timed out retrying after 10000ms: Expected to find element: `.form-group .input-field`, but never found it.\n    at Context.eval (webpack:///./cypress/e2e/First.cy.js:4:9)",
                "diff": null
              },
              "uuid": "b7a5395e-e9c1-4a30-a0ea-a7bd5a2d5811",
              "parentUUID": "fbb039ad-eaf2-45e0-bd65-ae983056d8a2",
              "isHook": false,
              "skipped": false
            }
          ],
          "suites": [],
          "passes": [],
          "failures": [
            "b7a5395e-e9c1-4a30-a0ea-a7bd5a2d5811"
          ],
          "pending": [],
          "skipped": [],
          "duration": 15066,
          "root": false,
          "rootEmpty": false,
          "_timeout": 2000
        }
      ],
      "passes": [],
      "failures": [],
      "pending": [],
      "skipped": [],
      "duration": 0,
      "root": true,
      "rootEmpty": true,
      "_timeout": 2000
    }
  ],
  "meta": {
    "mocha": {
      "version": "7.0.1"
    },
    "mochawesome": {
      "options": {
        "quiet": false,
        "reportFilename": "mochawesome",
        "saveHtml": true,
        "saveJson": true,
        "consoleReporter": "spec",
        "useInlineDiffs": false,
        "code": true
      },
      "version": "7.1.3"
    },
    "marge": {
      "options": {
        "reportDir": "cypress/reports",
        "overwrite": false,
        "html": true,
        "json": true
      },
      "version": "6.2.0"
    }
  }
}